#
# A fatal error has been detected by the Java Runtime Environment:
#
#  SIGBUS (0x7) at pc=0x00007f656da90f2d, pid=11411, tid=0x00007f65113a7700
#
# JRE version: OpenJDK Runtime Environment (8.0_121-b13) (build 1.8.0_121-8u121-b13-2-b13)
# Java VM: OpenJDK 64-Bit Server VM (25.121-b13 mixed mode linux-amd64 compressed oops)
# Problematic frame:
# C  [libzip.so+0x4f2d]
#
# Failed to write core dump. Core dumps have been disabled. To enable core dumping, try "ulimit -c unlimited" before starting Java again
#
# If you would like to submit a bug report, please visit:
#   http://bugreport.java.com/bugreport/crash.jsp
# The crash happened outside the Java Virtual Machine in native code.
# See problematic frame for where to report the bug.
#

---------------  T H R E A D  ---------------

Current thread (0x00007f6568321800):  JavaThread "JavaFX-Launcher" [_thread_in_native, id=11429, stack(0x00007f65112a7000,0x00007f65113a8000)]

siginfo: si_signo: 7 (SIGBUS), si_code: 2 (BUS_ADRERR), si_addr: 0x00007f6570f1d36a

Registers:
RAX=0x00007f6508171220, RBX=0x00007f6568219d70, RCX=0x00007f6570f1d34c, RDX=0x00007f6508171220
RSP=0x00007f65113a4540, RBP=0x00007f65113a45b0, RSI=0x0000000000001000, RDI=0x0000000000000001
R8 =0x00000000000002c0, R9 =0x0000000000000050, R10=0x00007f655917b058, R11=0x00000000d80fcda0
R12=0x00007f6568219f78, R13=0x00007f6570f1d34c, R14=0x00007f6568219d70, R15=0x00007f6508171220
RIP=0x00007f656da90f2d, EFLAGS=0x0000000000010202, CSGSFS=0x002b000000000033, ERR=0x0000000000000004
  TRAPNO=0x000000000000000e

Top of Stack: (sp=0x00007f65113a4540)
0x00007f65113a4540:   00007f65113a49c8 00007f6568211850
0x00007f65113a4550:   00007f65113a49b0 00007f656da8fbbc
0x00007f65113a4560:   00007f65113a4570 0000000194abfd00
0x00007f65113a4570:   00007f6500000000 00007f656fc33950
0x00007f65113a4580:   0000000000000006 00007f6568219f70
0x00007f65113a4590:   00000000bf338c2f 00007f65113a4625
0x00007f65113a45a0:   00007f6568219d70 00007f650808f6c0
0x00007f65113a45b0:   00007f65113a4600 00007f656da91c64
0x00007f65113a45c0:   00007f65113a4620 0000000601abfd00
0x00007f65113a45d0:   00007f65113a4600 0000000000000006
0x00007f65113a45e0:   00007f65683219e0 00000000d6c767f8
0x00007f65113a45f0:   00007f65113a4a78 00007f6568219d70
0x00007f65113a4600:   00007f65113a4a60 00007f656da8fbbc
0x00007f65113a4610:   00007f65113a4620 000000016f75ac1f
0x00007f65113a4620:   00002f756f687a6c 00007f655906c5b9
0x00007f65113a4630:   00007f655906c550 00007f6500000000
0x00007f65113a4640:   00007f65113a4ca0 00007f65113a4ca0
0x00007f65113a4650:   00007f65113a4cb0 00007f6559172724
0x00007f65113a4660:   00007f6559171c90 00007f6500000000
0x00007f65113a4670:   00007f65113a4f80 00007f65113a4cb0
0x00007f65113a4680:   00007f6568321800 0000000000000000
0x00007f65113a4690:   0000000000000018 0000000000000000
0x00007f65113a46a0:   00007f656c441a20 6a4c827e94abfd00
0x00007f65113a46b0:   00007f6508076fc0 00007f6568321800
0x00007f65113a46c0:   00007f656c4438e8 00007f65113a4800
0x00007f65113a46d0:   00007f6568321800 00007f6568321800
0x00007f65113a46e0:   00007f65113a4720 00007f65113a4720
0x00007f65113a46f0:   00007ffc85192bd9 00007f656c441a20
0x00007f65113a4700:   0000000100000007 000000006c441a00
0x00007f65113a4710:   00007f6568321800 000000006c443e78
0x00007f65113a4720:   00007f656c443e98 00007f656c4438c8
0x00007f65113a4730:   00007f65113a4770 00007f65113a47d0 

Instructions: (pc=0x00007f656da90f2d)
0x00007f656da90f0d:   73 48 48 8b 7b 10 b9 a0 00 00 00 49 8b 14 24 e8
0x00007f656da90f1d:   af fe ff ff 49 89 c5 4d 85 ed 0f 84 23 03 00 00
0x00007f656da90f2d:   41 0f b7 45 1e 45 0f b7 75 1c 48 c7 45 c8 00 00
0x00007f656da90f3d:   00 00 66 89 45 c6 41 0f b7 45 20 4d 89 f4 66 89 

Register to memory mapping:

RAX=0x00007f6508171220 is an unknown value
RBX=0x00007f6568219d70 is an unknown value
RCX=0x00007f6570f1d34c is an unknown value
RDX=0x00007f6508171220 is an unknown value
RSP=0x00007f65113a4540 is pointing into the stack for thread: 0x00007f6568321800
RBP=0x00007f65113a45b0 is pointing into the stack for thread: 0x00007f6568321800
RSI=0x0000000000001000 is an unknown value
RDI=0x0000000000000001 is an unknown value
R8 =0x00000000000002c0 is an unknown value
R9 =0x0000000000000050 is an unknown value
R10=0x00007f655917b058 is at entry_point+88 in (nmethod*)0x00007f655917ae90
R11=0x00000000d80fcda0 is an oop
